<?xml version="1.0" encoding="UTF-8"?>
<!-- Generated by org.testng.reporters.JUnitReportReporter -->
<testsuite hostname="Aswins-MacBook-Air.local" failures="0" tests="1" name="com.adactin.Mobileapphoteladactin1.tests.User_is_able_to_cancel_a_hotel_booking" time="214.771" errors="0" timestamp="2020-03-23T15:06:47 AEDT" skipped="0">
  <testcase classname="com.adactin.Mobileapphoteladactin1.tests.User_is_able_to_cancel_a_hotel_booking" name="User_is_able_to_cancel_a_hotel_booking" time="214.771"/>
  <system-out/>
</testsuite> <!-- com.adactin.Mobileapphoteladactin1.tests.User_is_able_to_cancel_a_hotel_booking -->
