<?xml version="1.0" encoding="UTF-8"?>
<!-- Generated by org.testng.reporters.JUnitReportReporter -->
<testsuite hostname="Aswins-Air" failures="0" tests="1" name="com.adactin.Mobileapphoteladactin1.tests.User_is_able_to_Search_Hotel_with_Location" time="474.742" errors="0" timestamp="2020-03-25T11:45:45 AEDT" skipped="0">
  <testcase classname="com.adactin.Mobileapphoteladactin1.tests.User_is_able_to_Search_Hotel_with_Location" name="User_is_able_to_Search_Hotel_with_Location" time="474.742"/>
  <system-out/>
</testsuite> <!-- com.adactin.Mobileapphoteladactin1.tests.User_is_able_to_Search_Hotel_with_Location -->
