<?xml version="1.0" encoding="UTF-8"?>
<!-- Generated by org.testng.reporters.JUnitReportReporter -->
<testsuite hostname="Aswins-Air" failures="0" tests="1" name="com.adactin.Mobileapphoteladactin1.tests.User_is_able_to_search_hotel_with_location_and_hotelname" time="357.221" errors="0" timestamp="2020-03-24T17:10:40 AEDT" skipped="0">
  <testcase classname="com.adactin.Mobileapphoteladactin1.tests.User_is_able_to_search_hotel_with_location_and_hotelname" name="User_is_able_to_search_hotel_with_location_and_hotelname" time="357.221"/>
  <system-out/>
</testsuite> <!-- com.adactin.Mobileapphoteladactin1.tests.User_is_able_to_search_hotel_with_location_and_hotelname -->
