<?xml version="1.0" encoding="UTF-8"?>
<!-- Generated by org.testng.reporters.JUnitReportReporter -->
<testsuite hostname="Aswins-Air" failures="0" tests="1" name="com.adactin.Mobileapphoteladactin1.tests.User_is_able_to_reset_the_search_criteria" time="285.665" errors="0" timestamp="2020-03-26T16:00:41 AEDT" skipped="0">
  <testcase classname="com.adactin.Mobileapphoteladactin1.tests.User_is_able_to_reset_the_search_criteria" name="User_is_able_to_reset_the_search_criteria" time="285.665"/>
  <system-out/>
</testsuite> <!-- com.adactin.Mobileapphoteladactin1.tests.User_is_able_to_reset_the_search_criteria -->
