<?xml version="1.0" encoding="UTF-8"?>
<!-- Generated by org.testng.reporters.JUnitReportReporter -->
<testsuite hostname="Aswins-Air.adactin.guest" failures="0" tests="1" name="com.adactin.Mobileapphoteladactin1.pages.LoginPage" time="7.629" errors="0" timestamp="2020-03-12T15:31:16 AEDT" skipped="0">
  <testcase classname="com.adactin.Mobileapphoteladactin1.pages.LoginPage" name="Logging_in" time="7.629"/>
  <system-out/>
</testsuite> <!-- com.adactin.Mobileapphoteladactin1.pages.LoginPage -->
