<?xml version="1.0" encoding="UTF-8"?>
<!-- Generated by org.testng.reporters.JUnitReportReporter -->
<testsuite hostname="Aswins-MacBook-Air.local" failures="0" tests="1" name="com.adactin.Mobileapphoteladactin1.tests.User_is_able_to_login_into_the_application" time="199.490" errors="0" timestamp="2020-03-16T14:24:15 AEDT" skipped="0">
  <testcase classname="com.adactin.Mobileapphoteladactin1.tests.User_is_able_to_login_into_the_application" name="User_is_able_to_login_into_the_application" time="199.490"/>
  <system-out/>
</testsuite> <!-- com.adactin.Mobileapphoteladactin1.tests.User_is_able_to_login_into_the_application -->
