<?xml version="1.0" encoding="UTF-8"?>
<!-- Generated by org.testng.reporters.JUnitReportReporter -->
<testsuite hostname="Aswins-Air" failures="0" tests="1" name="com.adactin.Mobileapphoteladactin1.tests.User_is_able_to_book_a_hotel" time="440.081" errors="0" timestamp="2020-03-19T12:18:20 AEDT" skipped="0">
  <testcase classname="com.adactin.Mobileapphoteladactin1.tests.User_is_able_to_book_a_hotel" name="User_is_able_to_book_a_hotel" time="440.081"/>
  <system-out/>
</testsuite> <!-- com.adactin.Mobileapphoteladactin1.tests.User_is_able_to_book_a_hotel -->
