<?xml version="1.0" encoding="UTF-8"?>
<!-- Generated by org.testng.reporters.JUnitReportReporter -->
<testsuite hostname="Aswins-MacBook-Air.local" failures="0" tests="1" name="com.adactin.Mobileapphoteladactin1.tests.User_is_able_to_logout" time="196.582" errors="1" timestamp="2020-03-23T16:36:36 AEDT" skipped="0">
  <testcase classname="com.adactin.Mobileapphoteladactin1.tests.User_is_able_to_logout" name="User_is_able_to_logout" time="196.582">
    <error message="Unhandled endpoint: /session/B2B8C68A-F5C6-46EA-BC3F-DF350AED117E/title -- http://localhost:8100/ with parameters {
    wildcards =     (
        &quot;session/B2B8C68A-F5C6-46EA-BC3F-DF350AED117E/title&quot;
    );
}
Build info: version: &#039;3.141.59&#039;, revision: &#039;e82be7d358&#039;, time: &#039;2018-11-14T08:17:03&#039;
System info: host: &#039;Aswins-MacBook-Air.local&#039;, ip: &#039;fe80:0:0:0:433:363c:acbb:279b%en0&#039;, os.name: &#039;Mac OS X&#039;, os.arch: &#039;x86_64&#039;, os.version: &#039;10.15.3&#039;, java.version: &#039;13.0.1&#039;
Driver info: io.appium.java_client.ios.IOSDriver
Capabilities {app: /Users/aswinvijayan/Documen..., automationName: XCUITest, browserName: , connectHardwareKeyboard: true, databaseEnabled: false, deviceName: iPhone SE, javascriptEnabled: true, locationContextEnabled: false, networkConnectionEnabled: false, platform: MAC, platformName: iOS, platformVersion: 13.3, simpleIsVisibleCheck: true, takesScreenshot: true, udid: 4107A52B-6F7E-42F5-82C0-E64..., webStorageEnabled: false}
Session ID: b377b2cd-5e33-4943-a9cd-e95961fac50e" type="org.openqa.selenium.UnsupportedCommandException">
      <![CDATA[org.openqa.selenium.UnsupportedCommandException: Unhandled endpoint: /session/B2B8C68A-F5C6-46EA-BC3F-DF350AED117E/title -- http://localhost:8100/ with parameters {
    wildcards =     (
        "session/B2B8C68A-F5C6-46EA-BC3F-DF350AED117E/title"
    );
}
Build info: version: '3.141.59', revision: 'e82be7d358', time: '2018-11-14T08:17:03'
System info: host: 'Aswins-MacBook-Air.local', ip: 'fe80:0:0:0:433:363c:acbb:279b%en0', os.name: 'Mac OS X', os.arch: 'x86_64', os.version: '10.15.3', java.version: '13.0.1'
Driver info: io.appium.java_client.ios.IOSDriver
Capabilities {app: /Users/aswinvijayan/Documen..., automationName: XCUITest, browserName: , connectHardwareKeyboard: true, databaseEnabled: false, deviceName: iPhone SE, javascriptEnabled: true, locationContextEnabled: false, networkConnectionEnabled: false, platform: MAC, platformName: iOS, platformVersion: 13.3, simpleIsVisibleCheck: true, takesScreenshot: true, udid: 4107A52B-6F7E-42F5-82C0-E64..., webStorageEnabled: false}
Session ID: b377b2cd-5e33-4943-a9cd-e95961fac50e
at java.base/jdk.internal.reflect.NativeConstructorAccessorImpl.newInstance0(Native Method)
at java.base/jdk.internal.reflect.NativeConstructorAccessorImpl.newInstance(NativeConstructorAccessorImpl.java:62)
at java.base/jdk.internal.reflect.DelegatingConstructorAccessorImpl.newInstance(DelegatingConstructorAccessorImpl.java:45)
at java.base/java.lang.reflect.Constructor.newInstanceWithCaller(Constructor.java:500)
at java.base/java.lang.reflect.Constructor.newInstance(Constructor.java:481)
at org.openqa.selenium.remote.http.W3CHttpResponseCodec.createException(W3CHttpResponseCodec.java:187)
at org.openqa.selenium.remote.http.W3CHttpResponseCodec.decode(W3CHttpResponseCodec.java:122)
at org.openqa.selenium.remote.http.W3CHttpResponseCodec.decode(W3CHttpResponseCodec.java:49)
at org.openqa.selenium.remote.HttpCommandExecutor.execute(HttpCommandExecutor.java:158)
at io.appium.java_client.remote.AppiumCommandExecutor.execute(AppiumCommandExecutor.java:239)
at org.openqa.selenium.remote.RemoteWebDriver.execute(RemoteWebDriver.java:552)
at io.appium.java_client.DefaultGenericMobileDriver.execute(DefaultGenericMobileDriver.java:45)
at io.appium.java_client.AppiumDriver.execute(AppiumDriver.java:1)
at io.appium.java_client.ios.IOSDriver.execute(IOSDriver.java:1)
at org.openqa.selenium.remote.RemoteWebDriver.getTitle(RemoteWebDriver.java:281)
at com.adactin.Mobileapphoteladactin1.tests.User_is_able_to_logout.User_is_able_to_logout(User_is_able_to_logout.java:32)
at java.base/jdk.internal.reflect.NativeMethodAccessorImpl.invoke0(Native Method)
at java.base/jdk.internal.reflect.NativeMethodAccessorImpl.invoke(NativeMethodAccessorImpl.java:62)
at java.base/jdk.internal.reflect.DelegatingMethodAccessorImpl.invoke(DelegatingMethodAccessorImpl.java:43)
at java.base/java.lang.reflect.Method.invoke(Method.java:567)
at org.testng.internal.MethodInvocationHelper.invokeMethod(MethodInvocationHelper.java:134)
at org.testng.internal.TestInvoker.invokeMethod(TestInvoker.java:597)
at org.testng.internal.TestInvoker.invokeTestMethod(TestInvoker.java:173)
at org.testng.internal.MethodRunner.runInSequence(MethodRunner.java:46)
at org.testng.internal.TestInvoker$MethodInvocationAgent.invoke(TestInvoker.java:816)
at org.testng.internal.TestInvoker.invokeTestMethods(TestInvoker.java:146)
at org.testng.internal.TestMethodWorker.invokeTestMethods(TestMethodWorker.java:146)
at org.testng.internal.TestMethodWorker.run(TestMethodWorker.java:128)
at java.base/java.util.ArrayList.forEach(ArrayList.java:1507)
at org.testng.TestRunner.privateRun(TestRunner.java:766)
at org.testng.TestRunner.run(TestRunner.java:587)
at org.testng.SuiteRunner.runTest(SuiteRunner.java:384)
at org.testng.SuiteRunner.runSequentially(SuiteRunner.java:378)
at org.testng.SuiteRunner.privateRun(SuiteRunner.java:337)
at org.testng.SuiteRunner.run(SuiteRunner.java:286)
at org.testng.SuiteRunnerWorker.runSuite(SuiteRunnerWorker.java:53)
at org.testng.SuiteRunnerWorker.run(SuiteRunnerWorker.java:96)
at org.testng.TestNG.runSuitesSequentially(TestNG.java:1187)
at org.testng.TestNG.runSuitesLocally(TestNG.java:1109)
at org.testng.TestNG.runSuites(TestNG.java:1039)
at org.testng.TestNG.run(TestNG.java:1007)
at org.testng.remote.AbstractRemoteTestNG.run(AbstractRemoteTestNG.java:115)
at org.testng.remote.RemoteTestNG.initAndRun(RemoteTestNG.java:251)
at org.testng.remote.RemoteTestNG.main(RemoteTestNG.java:77)
]]>
    </error>
  </testcase> <!-- User_is_able_to_logout -->
  <system-out/>
</testsuite> <!-- com.adactin.Mobileapphoteladactin1.tests.User_is_able_to_logout -->
